start run
start
10k iters
10k iters
10k iters
10k iters
model performance {'train loss': 0.0070577432735782755, 'train acc': 0.9982181818181818, 'val loss': 0.23265283142246698, 'val acc': 0.9764, 'test acc': 0.9798}
early stop model performance {'iteration': 2751, 'train_loss': 0.07137352691238577, 'train_acc': 0.9777818181818182, 'val_loss': 0.09438961020112038, 'val_acc': 0.9734, 'test_acc': 0.9751}
10k iters
model performance {'train loss': 0.017694076395989397, 'train acc': 0.9940727272727272, 'val loss': 0.10398281089756638, 'val acc': 0.9788, 'test acc': 0.9812}
early stop model performance {'iteration': 2751, 'train_loss': 0.06879165157404812, 'train_acc': 0.9785636363636364, 'val_loss': 0.08734461779594421, 'val_acc': 0.9738, 'test_acc': 0.9768}
10k iters
model performance {'train loss': 0.014608116972300394, 'train acc': 0.9950181818181818, 'val loss': 0.1038567661491339, 'val acc': 0.9782, 'test acc': 0.9794}
early stop model performance {'iteration': 8253, 'train_loss': 0.018860726400392807, 'train_acc': 0.9935454545454545, 'val_loss': 0.08754158280445262, 'val_acc': 0.9792, 'test_acc': 0.9783}
10k iters
model performance {'train loss': 0.01405930750517344, 'train acc': 0.9951636363636364, 'val loss': 0.11913995829150081, 'val acc': 0.9758, 'test acc': 0.9781}
early stop model performance {'iteration': 4585, 'train_loss': 0.0425354719507762, 'train_acc': 0.9859454545454546, 'val_loss': 0.08443397628813983, 'val_acc': 0.977, 'test_acc': 0.9791}
10k iters
model performance {'train loss': 0.017288688850576397, 'train acc': 0.9941454545454546, 'val loss': 0.11439465801678599, 'val acc': 0.9764, 'test acc': 0.9812}
early stop model performance {'iteration': 6419, 'train_loss': 0.02872560532431711, 'train_acc': 0.9904909090909091, 'val_loss': 0.10070233166813851, 'val_acc': 0.9746, 'test_acc': 0.9775}
10k iters
model performance {'train loss': 0.009561110059974553, 'train acc': 0.9971454545454546, 'val loss': 0.13880155260204338, 'val acc': 0.9776, 'test acc': 0.9795}
early stop model performance {'iteration': 4585, 'train_loss': 0.0506455285187472, 'train_acc': 0.9837636363636364, 'val_loss': 0.097205219797045, 'val_acc': 0.9742, 'test_acc': 0.9764}
10k iters
model performance {'train loss': 0.009095754791685812, 'train acc': 0.9969454545454546, 'val loss': 0.13837722077353393, 'val acc': 0.978, 'test acc': 0.9777}
early stop model performance {'iteration': 6419, 'train_loss': 0.03328197446458719, 'train_acc': 0.9897090909090909, 'val_loss': 0.08837592770755291, 'val_acc': 0.9768, 'test_acc': 0.9784}
10k iters
10k iters
model performance {'train loss': 0.007518560311002833, 'train acc': 0.9978, 'val loss': 0.19789237683581304, 'val acc': 0.978, 'test acc': 0.9796}
early stop model performance {'iteration': 4585, 'train_loss': 0.05415582372790033, 'train_acc': 0.9836, 'val_loss': 0.10256532437205315, 'val_acc': 0.973, 'test_acc': 0.9741}
10k iters
10k iters
10k iters
10k iters
model performance {'train loss': 0.0078541868489156, 'train acc': 0.9978181818181818, 'val loss': 0.2498856279467087, 'val acc': 0.972, 'test acc': 0.9772}
early stop model performance {'iteration': 4585, 'train_loss': 0.07758356801433997, 'train_acc': 0.975690909090909, 'val_loss': 0.11608008916378021, 'val_acc': 0.9658, 'test_acc': 0.9685}
10k iters
10k iters
10k iters
10k iters
model performance {'train loss': 0.005719498937206655, 'train acc': 0.9983454545454545, 'val loss': 0.2081192051864562, 'val acc': 0.978, 'test acc': 0.9807}
early stop model performance {'iteration': 8253, 'train_loss': 0.02191268168234012, 'train_acc': 0.9926, 'val_loss': 0.09352327554114163, 'val_acc': 0.9764, 'test_acc': 0.9785}
10k iters
model performance {'train loss': 0.014582268525926735, 'train acc': 0.9951090909090909, 'val loss': 0.10075907673314213, 'val acc': 0.9792, 'test acc': 0.9826}
early stop model performance {'iteration': 4585, 'train_loss': 0.037432310714979065, 'train_acc': 0.9874727272727273, 'val_loss': 0.08908294884562493, 'val_acc': 0.9768, 'test_acc': 0.9796}
10k iters
model performance {'train loss': 0.012328312330337411, 'train acc': 0.9955636363636363, 'val loss': 0.10175535925664007, 'val acc': 0.9798, 'test acc': 0.9793}
early stop model performance {'iteration': 4585, 'train_loss': 0.038387740307436746, 'train_acc': 0.9877454545454546, 'val_loss': 0.08005928004682064, 'val_acc': 0.9768, 'test_acc': 0.9801}
10k iters
model performance {'train loss': 0.014125735338171944, 'train acc': 0.9953636363636363, 'val loss': 0.10418677008673549, 'val acc': 0.9786, 'test acc': 0.9806}
early stop model performance {'iteration': 4585, 'train_loss': 0.042238872926749965, 'train_acc': 0.9864545454545455, 'val_loss': 0.089750882345438, 'val_acc': 0.9736, 'test_acc': 0.9765}
10k iters
model performance {'train loss': 0.015170109991547229, 'train acc': 0.9949818181818182, 'val loss': 0.11401514222994447, 'val acc': 0.9766, 'test acc': 0.9801}
early stop model performance {'iteration': 6419, 'train_loss': 0.028415875309502535, 'train_acc': 0.9905636363636363, 'val_loss': 0.08972284662425518, 'val_acc': 0.9764, 'test_acc': 0.9783}
10k iters
model performance {'train loss': 0.01045432065020068, 'train acc': 0.9967272727272727, 'val loss': 0.14899183224160223, 'val acc': 0.9778, 'test acc': 0.9788}
early stop model performance {'iteration': 8253, 'train_loss': 0.021740113434923644, 'train_acc': 0.9929636363636364, 'val_loss': 0.09327876910828053, 'val_acc': 0.9772, 'test_acc': 0.9794}
10k iters
model performance {'train loss': 0.006262706958368389, 'train acc': 0.9977636363636364, 'val loss': 0.15405732916860143, 'val acc': 0.9768, 'test acc': 0.9788}
early stop model performance {'iteration': 4585, 'train_loss': 0.05674103258197958, 'train_acc': 0.9823090909090909, 'val_loss': 0.09983434540033341, 'val_acc': 0.9714, 'test_acc': 0.9768}
10k iters
10k iters
model performance {'train loss': 0.005122077853124161, 'train acc': 0.9984363636363637, 'val loss': 0.1941874905431483, 'val acc': 0.9758, 'test acc': 0.9752}
early stop model performance {'iteration': 4585, 'train_loss': 0.060461917995051906, 'train_acc': 0.9810727272727273, 'val_loss': 0.09936725362241268, 'val_acc': 0.9712, 'test_acc': 0.9756}
10k iters
10k iters
10k iters
10k iters
model performance {'train loss': 0.0059876947701992655, 'train acc': 0.9984909090909091, 'val loss': 0.24054617348495594, 'val acc': 0.9746, 'test acc': 0.9748}
early stop model performance {'iteration': 6419, 'train_loss': 0.04982486877333034, 'train_acc': 0.9835636363636364, 'val_loss': 0.10834777553975582, 'val_acc': 0.9708, 'test_acc': 0.9747}
10k iters
10k iters
10k iters
10k iters
model performance {'train loss': 0.004218238829524315, 'train acc': 0.9986545454545455, 'val loss': 0.21670172262788182, 'val acc': 0.9754, 'test acc': 0.9791}
early stop model performance {'iteration': 6419, 'train_loss': 0.06603924737545577, 'train_acc': 0.9787090909090909, 'val_loss': 0.11989919654726983, 'val_acc': 0.9662, 'test_acc': 0.9702}
10k iters
model performance {'train loss': 0.012823195385276763, 'train acc': 0.9959636363636364, 'val loss': 0.11494724092632533, 'val acc': 0.9768, 'test acc': 0.9769}
early stop model performance {'iteration': 2751, 'train_loss': 0.06752005373767832, 'train_acc': 0.9788727272727272, 'val_loss': 0.0924959880143404, 'val_acc': 0.9722, 'test_acc': 0.9759}
10k iters
model performance {'train loss': 0.012714494434206492, 'train acc': 0.9956, 'val loss': 0.14077856454458088, 'val acc': 0.9708, 'test acc': 0.9763}
early stop model performance {'iteration': 4585, 'train_loss': 0.042134043798460204, 'train_acc': 0.9862363636363637, 'val_loss': 0.09257556557059288, 'val_acc': 0.9746, 'test_acc': 0.9785}
10k iters
model performance {'train loss': 0.012293767197629098, 'train acc': 0.9958363636363636, 'val loss': 0.11474275491274893, 'val acc': 0.9796, 'test acc': 0.9777}
early stop model performance {'iteration': 4585, 'train_loss': 0.04180581038770351, 'train_acc': 0.9859272727272728, 'val_loss': 0.08523602779209614, 'val_acc': 0.9766, 'test_acc': 0.9767}
10k iters
model performance {'train loss': 0.015463644417967985, 'train acc': 0.9947090909090909, 'val loss': 0.10617618932778132, 'val acc': 0.9782, 'test acc': 0.9771}
early stop model performance {'iteration': 4585, 'train_loss': 0.044014724285629664, 'train_acc': 0.9862, 'val_loss': 0.08658004455268382, 'val_acc': 0.9764, 'test_acc': 0.9776}
10k iters
model performance {'train loss': 0.00882390741870384, 'train acc': 0.9970727272727272, 'val loss': 0.15236060315128416, 'val acc': 0.9756, 'test acc': 0.9802}
early stop model performance {'iteration': 4585, 'train_loss': 0.05142519075707956, 'train_acc': 0.9832181818181818, 'val_loss': 0.08822253524065017, 'val_acc': 0.9762, 'test_acc': 0.9774}
10k iters
model performance {'train loss': 0.005920796941284524, 'train acc': 0.9979636363636364, 'val loss': 0.1530334376993589, 'val acc': 0.9778, 'test acc': 0.9797}
early stop model performance {'iteration': 4585, 'train_loss': 0.05433114505640485, 'train_acc': 0.9824545454545455, 'val_loss': 0.10246789695620537, 'val_acc': 0.9742, 'test_acc': 0.9741}
10k iters
10k iters
model performance {'train loss': 0.006725194926633147, 'train acc': 0.998, 'val loss': 0.1896882485910345, 'val acc': 0.9748, 'test acc': 0.9746}
early stop model performance {'iteration': 6419, 'train_loss': 0.03638825665935874, 'train_acc': 0.988, 'val_loss': 0.0915003155067563, 'val_acc': 0.975, 'test_acc': 0.9778}
10k iters
10k iters
10k iters
10k iters
model performance {'train loss': 0.002727666911359315, 'train acc': 0.9992909090909091, 'val loss': 0.1958111308853593, 'val acc': 0.9802, 'test acc': 0.9786}
early stop model performance {'iteration': 6419, 'train_loss': 0.04406577340283177, 'train_acc': 0.986, 'val_loss': 0.1048016442745924, 'val_acc': 0.974, 'test_acc': 0.974}
10k iters
10k iters
10k iters
10k iters
model performance {'train loss': 0.007594011308543135, 'train acc': 0.9979636363636364, 'val loss': 0.227822095309, 'val acc': 0.9752, 'test acc': 0.9798}
early stop model performance {'iteration': 4585, 'train_loss': 0.061996385924924506, 'train_acc': 0.9803272727272727, 'val_loss': 0.09649774391055108, 'val_acc': 0.9704, 'test_acc': 0.9734}
10k iters
model performance {'train loss': 0.012151729858245447, 'train acc': 0.9958181818181818, 'val loss': 0.11030955818143556, 'val acc': 0.9788, 'test acc': 0.9792}
early stop model performance {'iteration': 8253, 'train_loss': 0.016764630507897924, 'train_acc': 0.9947272727272727, 'val_loss': 0.0903220104528591, 'val_acc': 0.9804, 'test_acc': 0.9805}
10k iters
model performance {'train loss': 0.01447121626849879, 'train acc': 0.9950727272727272, 'val loss': 0.12007473646104336, 'val acc': 0.9782, 'test acc': 0.9775}
early stop model performance {'iteration': 6419, 'train_loss': 0.025801866682965986, 'train_acc': 0.9915454545454545, 'val_loss': 0.09447367799142375, 'val_acc': 0.9768, 'test_acc': 0.9802}
10k iters
model performance {'train loss': 0.01572006508301393, 'train acc': 0.9947454545454546, 'val loss': 0.1402760585567914, 'val acc': 0.9716, 'test acc': 0.976}
early stop model performance {'iteration': 4585, 'train_loss': 0.043091061010685834, 'train_acc': 0.985890909090909, 'val_loss': 0.08755412627458573, 'val_acc': 0.9758, 'test_acc': 0.9769}
10k iters
model performance {'train loss': 0.016992114661549304, 'train acc': 0.9944909090909091, 'val loss': 0.11703823459334671, 'val acc': 0.9764, 'test acc': 0.9797}
early stop model performance {'iteration': 4585, 'train_loss': 0.04830212352749976, 'train_acc': 0.9849636363636364, 'val_loss': 0.10712491001188755, 'val_acc': 0.9724, 'test_acc': 0.9712}
10k iters
model performance {'train loss': 0.007991404238986765, 'train acc': 0.9973090909090909, 'val loss': 0.14979144013072365, 'val acc': 0.9752, 'test acc': 0.9791}
early stop model performance {'iteration': 8253, 'train_loss': 0.021844674651612613, 'train_acc': 0.9929636363636364, 'val_loss': 0.10296537777036428, 'val_acc': 0.9766, 'test_acc': 0.9768}
10k iters
model performance {'train loss': 0.007641931237363695, 'train acc': 0.9975454545454545, 'val loss': 0.14584359383049306, 'val acc': 0.9776, 'test acc': 0.978}
early stop model performance {'iteration': 6419, 'train_loss': 0.032362431204386734, 'train_acc': 0.9893272727272727, 'val_loss': 0.09518524508327246, 'val_acc': 0.9752, 'test_acc': 0.9784}
10k iters
10k iters
model performance {'train loss': 0.006372036605187259, 'train acc': 0.9983454545454545, 'val loss': 0.16469659723268124, 'val acc': 0.9798, 'test acc': 0.9804}
early stop model performance {'iteration': 6419, 'train_loss': 0.039487112110243604, 'train_acc': 0.9871818181818182, 'val_loss': 0.09474030725359917, 'val_acc': 0.9764, 'test_acc': 0.9767}
10k iters
10k iters
10k iters
10k iters
model performance {'train loss': 0.003521064585058037, 'train acc': 0.9989454545454546, 'val loss': 0.2433559185566155, 'val acc': 0.9766, 'test acc': 0.981}
early stop model performance {'iteration': 4585, 'train_loss': 0.06229463848498735, 'train_acc': 0.9799818181818182, 'val_loss': 0.10851812134683132, 'val_acc': 0.9694, 'test_acc': 0.9739}
10k iters
10k iters
10k iters
10k iters
model performance {'train loss': 0.0017017685179212922, 'train acc': 0.9994, 'val loss': 0.18671410473443822, 'val acc': 0.9794, 'test acc': 0.9783}
early stop model performance {'iteration': 6419, 'train_loss': 0.04346078404431993, 'train_acc': 0.9862545454545455, 'val_loss': 0.09771359642893077, 'val_acc': 0.9722, 'test_acc': 0.9761}
10k iters
model performance {'train loss': 0.013564356643046168, 'train acc': 0.9953454545454545, 'val loss': 0.10295275564355542, 'val acc': 0.9742, 'test acc': 0.9777}
early stop model performance {'iteration': 6419, 'train_loss': 0.024212626911936836, 'train_acc': 0.9919636363636364, 'val_loss': 0.09385331681445241, 'val_acc': 0.977, 'test_acc': 0.9797}
10k iters
model performance {'train loss': 0.015764126793157564, 'train acc': 0.9949454545454546, 'val loss': 0.11621619373820723, 'val acc': 0.9754, 'test acc': 0.9784}
early stop model performance {'iteration': 6419, 'train_loss': 0.02636078239211982, 'train_acc': 0.9914, 'val_loss': 0.10965046951845288, 'val_acc': 0.973, 'test_acc': 0.9767}
10k iters
model performance {'train loss': 0.015386731091641228, 'train acc': 0.9948545454545454, 'val loss': 0.10960295857759192, 'val acc': 0.979, 'test acc': 0.9767}
early stop model performance {'iteration': 6419, 'train_loss': 0.025641596491617912, 'train_acc': 0.9913818181818181, 'val_loss': 0.09479953949525953, 'val_acc': 0.9766, 'test_acc': 0.9768}
10k iters
model performance {'train loss': 0.015695014032793487, 'train acc': 0.9946, 'val loss': 0.12224194348827004, 'val acc': 0.9746, 'test acc': 0.9764}
early stop model performance {'iteration': 6419, 'train_loss': 0.028980411517213693, 'train_acc': 0.9904363636363637, 'val_loss': 0.09319440397322178, 'val_acc': 0.9774, 'test_acc': 0.9779}
10k iters
model performance {'train loss': 0.009075925716404361, 'train acc': 0.9970545454545454, 'val loss': 0.1434398464503349, 'val acc': 0.9794, 'test acc': 0.9802}
early stop model performance {'iteration': 4585, 'train_loss': 0.05145389602563598, 'train_acc': 0.9830727272727273, 'val_loss': 0.10209304471760988, 'val_acc': 0.9736, 'test_acc': 0.9758}
10k iters
model performance {'train loss': 0.008646083830699584, 'train acc': 0.9971272727272728, 'val loss': 0.15534821169438073, 'val acc': 0.9778, 'test acc': 0.9805}
early stop model performance {'iteration': 4585, 'train_loss': 0.054609627467664804, 'train_acc': 0.9825272727272727, 'val_loss': 0.08858483073711396, 'val_acc': 0.9744, 'test_acc': 0.9786}
10k iters
10k iters
model performance {'train loss': 0.008727343411165715, 'train acc': 0.9972181818181818, 'val loss': 0.16147026405784773, 'val acc': 0.9804, 'test acc': 0.9781}
early stop model performance {'iteration': 4585, 'train_loss': 0.060185825531862, 'train_acc': 0.9811454545454545, 'val_loss': 0.09863695088624955, 'val_acc': 0.9742, 'test_acc': 0.9734}
10k iters
10k iters
10k iters
10k iters
model performance {'train loss': 0.00270682082363635, 'train acc': 0.9992545454545455, 'val loss': 0.2199013983430975, 'val acc': 0.977, 'test acc': 0.9807}
early stop model performance {'iteration': 8253, 'train_loss': 0.03027681588097052, 'train_acc': 0.9901636363636364, 'val_loss': 0.11464939228594304, 'val_acc': 0.973, 'test_acc': 0.9758}
10k iters
10k iters
10k iters
10k iters
model performance {'train loss': 0.003970480898515014, 'train acc': 0.9988363636363636, 'val loss': 0.23066926093231085, 'val acc': 0.975, 'test acc': 0.9777}
early stop model performance {'iteration': 8253, 'train_loss': 0.025840678639100355, 'train_acc': 0.9911818181818182, 'val_loss': 0.1201377188116312, 'val_acc': 0.9732, 'test_acc': 0.9722}
start random
10k iters
model performance {'train loss': 0.015198706839220937, 'train acc': 0.9950545454545454, 'val loss': 0.11439387606866658, 'val acc': 0.9744, 'test acc': 0.9805}
early stop model performance {'iteration': 4585, 'train_loss': 0.035712536130777815, 'train_acc': 0.9879818181818182, 'val_loss': 0.08320121457576751, 'val_acc': 0.9764, 'test_acc': 0.9783}
10k iters
model performance {'train loss': 0.013288276647320229, 'train acc': 0.9956363636363637, 'val loss': 0.11696607777760364, 'val acc': 0.9754, 'test acc': 0.9797}
early stop model performance {'iteration': 4585, 'train_loss': 0.038381961029293865, 'train_acc': 0.9874727272727273, 'val_loss': 0.08694025445878506, 'val_acc': 0.9756, 'test_acc': 0.9764}
10k iters
model performance {'train loss': 0.015149748295852491, 'train acc': 0.9946545454545455, 'val loss': 0.11893738823188468, 'val acc': 0.9752, 'test acc': 0.9786}
early stop model performance {'iteration': 4585, 'train_loss': 0.04279641972400925, 'train_acc': 0.9861636363636364, 'val_loss': 0.09099353487789631, 'val_acc': 0.9734, 'test_acc': 0.9766}
10k iters
model performance {'train loss': 0.017469118626911025, 'train acc': 0.9943090909090909, 'val loss': 0.11571172712370753, 'val acc': 0.9746, 'test acc': 0.9786}
early stop model performance {'iteration': 8253, 'train_loss': 0.01786905476858162, 'train_acc': 0.9942181818181818, 'val_loss': 0.08839534593373537, 'val_acc': 0.9796, 'test_acc': 0.9813}
10k iters
model performance {'train loss': 0.009564595596309565, 'train acc': 0.9969636363636364, 'val loss': 0.13354025007321033, 'val acc': 0.9798, 'test acc': 0.9803}
early stop model performance {'iteration': 4585, 'train_loss': 0.04916257645474239, 'train_acc': 0.9849818181818182, 'val_loss': 0.09321120912730693, 'val_acc': 0.976, 'test_acc': 0.9773}
10k iters
model performance {'train loss': 0.009350782091870893, 'train acc': 0.9970909090909091, 'val loss': 0.1309435345348611, 'val acc': 0.9788, 'test acc': 0.9799}
early stop model performance {'iteration': 4585, 'train_loss': 0.05485498554665934, 'train_acc': 0.9829272727272728, 'val_loss': 0.0928161027032882, 'val_acc': 0.9756, 'test_acc': 0.9736}
10k iters
10k iters
model performance {'train loss': 0.007309087663191167, 'train acc': 0.9977090909090909, 'val loss': 0.1961438794853748, 'val acc': 0.9788, 'test acc': 0.9801}
early stop model performance {'iteration': 4585, 'train_loss': 0.0600127785675905, 'train_acc': 0.9812727272727273, 'val_loss': 0.10993564833253622, 'val_acc': 0.9722, 'test_acc': 0.9758}
10k iters
10k iters
10k iters
10k iters
model performance {'train loss': 0.00532525163365348, 'train acc': 0.9985090909090909, 'val loss': 0.25753501205130597, 'val acc': 0.9736, 'test acc': 0.9768}
early stop model performance {'iteration': 6419, 'train_loss': 0.03759480807686394, 'train_acc': 0.9882727272727273, 'val_loss': 0.09395358334183693, 'val_acc': 0.9772, 'test_acc': 0.9763}
10k iters
10k iters
10k iters
10k iters
model performance {'train loss': 0.002314274840576969, 'train acc': 0.9992727272727273, 'val loss': 0.20734075546375752, 'val acc': 0.98, 'test acc': 0.9803}
early stop model performance {'iteration': 6419, 'train_loss': 0.048295769745788794, 'train_acc': 0.9841454545454545, 'val_loss': 0.10416202837526799, 'val_acc': 0.9748, 'test_acc': 0.9763}
10k iters
model performance {'train loss': 0.014458991464479319, 'train acc': 0.995, 'val loss': 0.12979796084538103, 'val acc': 0.9752, 'test acc': 0.9724}
early stop model performance {'iteration': 4585, 'train_loss': 0.038415767706930636, 'train_acc': 0.9877454545454546, 'val_loss': 0.08506945071741939, 'val_acc': 0.9748, 'test_acc': 0.9798}
10k iters
model performance {'train loss': 0.015088819441940127, 'train acc': 0.9949272727272728, 'val loss': 0.1001063184870407, 'val acc': 0.977, 'test acc': 0.9802}
early stop model performance {'iteration': 10087, 'train_loss': 0.015088819441940127, 'train_acc': 0.9949272727272728, 'val_loss': 0.1001063184870407, 'val_acc': 0.977, 'test_acc': 0.9802}
10k iters
model performance {'train loss': 0.014938644507330503, 'train acc': 0.9951636363636364, 'val loss': 0.11275737391747534, 'val acc': 0.9776, 'test acc': 0.9787}
early stop model performance {'iteration': 4585, 'train_loss': 0.04004524474591017, 'train_acc': 0.9872363636363637, 'val_loss': 0.09809654739797115, 'val_acc': 0.9724, 'test_acc': 0.9783}
10k iters
model performance {'train loss': 0.013625602550711482, 'train acc': 0.9954727272727273, 'val loss': 0.11513483099415898, 'val acc': 0.9764, 'test acc': 0.9784}
early stop model performance {'iteration': 6419, 'train_loss': 0.027833346251127395, 'train_acc': 0.990890909090909, 'val_loss': 0.09050322254262864, 'val_acc': 0.9774, 'test_acc': 0.9792}
10k iters
model performance {'train loss': 0.00914497560550755, 'train acc': 0.9968363636363636, 'val loss': 0.12465509564555251, 'val acc': 0.982, 'test acc': 0.982}
early stop model performance {'iteration': 8253, 'train_loss': 0.021514212662015447, 'train_acc': 0.992890909090909, 'val_loss': 0.09940712271630764, 'val_acc': 0.9764, 'test_acc': 0.9774}
10k iters
model performance {'train loss': 0.009458726994353822, 'train acc': 0.9968363636363636, 'val loss': 0.1545750494413078, 'val acc': 0.9764, 'test acc': 0.9833}
early stop model performance {'iteration': 6419, 'train_loss': 0.032935576552525166, 'train_acc': 0.9894, 'val_loss': 0.10042045760527253, 'val_acc': 0.9748, 'test_acc': 0.9743}
10k iters
10k iters
model performance {'train loss': 0.008806174044359882, 'train acc': 0.9972909090909091, 'val loss': 0.1799708624138031, 'val acc': 0.9758, 'test acc': 0.977}
early stop model performance {'iteration': 6419, 'train_loss': 0.03819755606786771, 'train_acc': 0.9876363636363636, 'val_loss': 0.10719889616966248, 'val_acc': 0.9724, 'test_acc': 0.9765}
10k iters
10k iters
10k iters
10k iters
model performance {'train loss': 0.004087414770201609, 'train acc': 0.9988545454545454, 'val loss': 0.200270997174241, 'val acc': 0.9786, 'test acc': 0.9807}
early stop model performance {'iteration': 8253, 'train_loss': 0.034661486143415625, 'train_acc': 0.988909090909091, 'val_loss': 0.11801918566599488, 'val_acc': 0.9718, 'test_acc': 0.9773}
10k iters
10k iters
10k iters
10k iters
model performance {'train loss': 0.011039125597160726, 'train acc': 0.9974727272727273, 'val loss': 0.21947636020425706, 'val acc': 0.9758, 'test acc': 0.9787}
early stop model performance {'iteration': 6419, 'train_loss': 0.0433274439084259, 'train_acc': 0.9860727272727273, 'val_loss': 0.1095786191135645, 'val_acc': 0.9722, 'test_acc': 0.975}
10k iters
model performance {'train loss': 0.013990948780998588, 'train acc': 0.9950909090909091, 'val loss': 0.11136918627144769, 'val acc': 0.976, 'test acc': 0.9764}
early stop model performance {'iteration': 4585, 'train_loss': 0.04002382005642761, 'train_acc': 0.9869272727272728, 'val_loss': 0.09317093024551869, 'val_acc': 0.9742, 'test_acc': 0.9758}
10k iters
model performance {'train loss': 0.015575096050899646, 'train acc': 0.994890909090909, 'val loss': 0.11396055592717602, 'val acc': 0.9786, 'test acc': 0.9804}
early stop model performance {'iteration': 4585, 'train_loss': 0.03843515227362514, 'train_acc': 0.987890909090909, 'val_loss': 0.09138909826353192, 'val_acc': 0.974, 'test_acc': 0.9754}
10k iters
model performance {'train loss': 0.014729464113212784, 'train acc': 0.9946545454545455, 'val loss': 0.10409863975578919, 'val acc': 0.9772, 'test acc': 0.9773}
early stop model performance {'iteration': 8253, 'train_loss': 0.02126533747251061, 'train_acc': 0.9926727272727273, 'val_loss': 0.08501558619439602, 'val_acc': 0.9804, 'test_acc': 0.9786}
10k iters
model performance {'train loss': 0.014014694319447418, 'train acc': 0.9954727272727273, 'val loss': 0.12999616821855306, 'val acc': 0.9736, 'test acc': 0.9754}
early stop model performance {'iteration': 4585, 'train_loss': 0.04857330556620251, 'train_acc': 0.9846181818181818, 'val_loss': 0.09880090302228928, 'val_acc': 0.9732, 'test_acc': 0.9752}
10k iters
model performance {'train loss': 0.005335595316037705, 'train acc': 0.9984363636363637, 'val loss': 0.14523416004665196, 'val acc': 0.979, 'test acc': 0.9801}
early stop model performance {'iteration': 4585, 'train_loss': 0.054510948707908395, 'train_acc': 0.9822727272727273, 'val_loss': 0.09560984293296933, 'val_acc': 0.9736, 'test_acc': 0.9774}
10k iters
model performance {'train loss': 0.010729973463880478, 'train acc': 0.9964545454545455, 'val loss': 0.18882608184805139, 'val acc': 0.9736, 'test acc': 0.9775}
early stop model performance {'iteration': 4585, 'train_loss': 0.05444485370232301, 'train_acc': 0.9826181818181818, 'val_loss': 0.09722830065488815, 'val_acc': 0.9734, 'test_acc': 0.9719}
10k iters
10k iters
model performance {'train loss': 0.005488292282932467, 'train acc': 0.9981272727272728, 'val loss': 0.17273059392055073, 'val acc': 0.978, 'test acc': 0.9817}
early stop model performance {'iteration': 6419, 'train_loss': 0.03772432847602124, 'train_acc': 0.9876545454545455, 'val_loss': 0.10146431139558554, 'val_acc': 0.973, 'test_acc': 0.9766}
10k iters
10k iters
10k iters
10k iters
model performance {'train loss': 0.007484611752569605, 'train acc': 0.9978, 'val loss': 0.2049387099404732, 'val acc': 0.979, 'test acc': 0.9792}
early stop model performance {'iteration': 8253, 'train_loss': 0.03312203592949293, 'train_acc': 0.988909090909091, 'val_loss': 0.09330881370604038, 'val_acc': 0.9786, 'test_acc': 0.9763}
10k iters
10k iters
10k iters
10k iters
model performance {'train loss': 0.004507685002653452, 'train acc': 0.9985454545454545, 'val loss': 0.19498470307091192, 'val acc': 0.9776, 'test acc': 0.9768}
early stop model performance {'iteration': 8253, 'train_loss': 0.0347401274363087, 'train_acc': 0.9890909090909091, 'val_loss': 0.10274756331890822, 'val_acc': 0.9744, 'test_acc': 0.9739}
10k iters
model performance {'train loss': 0.01475337178028104, 'train acc': 0.9952363636363636, 'val loss': 0.10581830138335936, 'val acc': 0.9756, 'test acc': 0.9763}
early stop model performance {'iteration': 2751, 'train_loss': 0.06547931361984123, 'train_acc': 0.9792909090909091, 'val_loss': 0.08300399767160416, 'val_acc': 0.9756, 'test_acc': 0.9785}
10k iters
model performance {'train loss': 0.013366227975936437, 'train acc': 0.9956909090909091, 'val loss': 0.09791208933051676, 'val acc': 0.9774, 'test acc': 0.9811}
early stop model performance {'iteration': 4585, 'train_loss': 0.03935269212099639, 'train_acc': 0.9869636363636364, 'val_loss': 0.0878036289282143, 'val_acc': 0.9756, 'test_acc': 0.9769}
10k iters
model performance {'train loss': 0.015090281366923062, 'train acc': 0.9949090909090909, 'val loss': 0.09041796662192791, 'val acc': 0.9808, 'test acc': 0.9816}
early stop model performance {'iteration': 4585, 'train_loss': 0.04246274348145181, 'train_acc': 0.9866, 'val_loss': 0.08270856377929449, 'val_acc': 0.976, 'test_acc': 0.9785}
10k iters
model performance {'train loss': 0.016851683283614163, 'train acc': 0.994, 'val loss': 0.11583285480588675, 'val acc': 0.9754, 'test acc': 0.9776}
early stop model performance {'iteration': 4585, 'train_loss': 0.04417107398306781, 'train_acc': 0.9858, 'val_loss': 0.08829032218754292, 'val_acc': 0.9752, 'test_acc': 0.979}
10k iters
model performance {'train loss': 0.008495419465085632, 'train acc': 0.9972909090909091, 'val loss': 0.13643542712545023, 'val acc': 0.978, 'test acc': 0.9788}
early stop model performance {'iteration': 6419, 'train_loss': 0.03300313722667369, 'train_acc': 0.9890363636363636, 'val_loss': 0.1000314893335104, 'val_acc': 0.975, 'test_acc': 0.9762}
10k iters
model performance {'train loss': 0.0077781526526372715, 'train acc': 0.9976727272727273, 'val loss': 0.1520830036411993, 'val acc': 0.977, 'test acc': 0.9793}
early stop model performance {'iteration': 4585, 'train_loss': 0.05055971126705408, 'train_acc': 0.9840363636363636, 'val_loss': 0.09496185630857945, 'val_acc': 0.9742, 'test_acc': 0.9765}
10k iters
10k iters
model performance {'train loss': 0.003245171577394492, 'train acc': 0.9992727272727273, 'val loss': 0.19546824096795168, 'val acc': 0.973, 'test acc': 0.9766}
early stop model performance {'iteration': 6419, 'train_loss': 0.03528667173859748, 'train_acc': 0.9885636363636363, 'val_loss': 0.09678509408906102, 'val_acc': 0.9748, 'test_acc': 0.9773}
10k iters
10k iters
10k iters
10k iters
model performance {'train loss': 0.0024229230446993558, 'train acc': 0.9993090909090909, 'val loss': 0.2550628733587908, 'val acc': 0.9788, 'test acc': 0.9814}
early stop model performance {'iteration': 4585, 'train_loss': 0.0646053962577473, 'train_acc': 0.9800363636363636, 'val_loss': 0.10702775647938252, 'val_acc': 0.9686, 'test_acc': 0.9737}
10k iters
10k iters
10k iters
10k iters
model performance {'train loss': 0.00277019673727351, 'train acc': 0.9991454545454546, 'val loss': 0.21987691792638434, 'val acc': 0.976, 'test acc': 0.9775}
early stop model performance {'iteration': 6419, 'train_loss': 0.045371755043214015, 'train_acc': 0.9856181818181818, 'val_loss': 0.11076211185455322, 'val_acc': 0.9696, 'test_acc': 0.9746}
10k iters
model performance {'train loss': 0.014946728182306768, 'train acc': 0.9946545454545455, 'val loss': 0.12544522818261758, 'val acc': 0.9764, 'test acc': 0.9773}
early stop model performance {'iteration': 6419, 'train_loss': 0.024688002899627793, 'train_acc': 0.9917818181818182, 'val_loss': 0.09809115115553141, 'val_acc': 0.9772, 'test_acc': 0.9752}
10k iters
model performance {'train loss': 0.015366492294975219, 'train acc': 0.9951090909090909, 'val loss': 0.11449917710763402, 'val acc': 0.9774, 'test acc': 0.9763}
early stop model performance {'iteration': 4585, 'train_loss': 0.04096991136189212, 'train_acc': 0.9868, 'val_loss': 0.09414955905377864, 'val_acc': 0.9744, 'test_acc': 0.9747}
10k iters
model performance {'train loss': 0.013446717035531236, 'train acc': 0.9953454545454545, 'val loss': 0.13256903356881813, 'val acc': 0.9712, 'test acc': 0.9766}
early stop model performance {'iteration': 4585, 'train_loss': 0.03989348759732463, 'train_acc': 0.9870545454545454, 'val_loss': 0.08939095492362976, 'val_acc': 0.9746, 'test_acc': 0.9781}
10k iters
model performance {'train loss': 0.01430149028733034, 'train acc': 0.9955454545454545, 'val loss': 0.11168972141537815, 'val acc': 0.9778, 'test acc': 0.9774}
early stop model performance {'iteration': 8253, 'train_loss': 0.02215435018278235, 'train_acc': 0.9929272727272728, 'val_loss': 0.0955503430409357, 'val_acc': 0.977, 'test_acc': 0.9768}
10k iters
model performance {'train loss': 0.009633331023686067, 'train acc': 0.9970545454545454, 'val loss': 0.1639268970477453, 'val acc': 0.9748, 'test acc': 0.9764}
early stop model performance {'iteration': 4585, 'train_loss': 0.04813215235966173, 'train_acc': 0.9843818181818181, 'val_loss': 0.09459374791383743, 'val_acc': 0.9742, 'test_acc': 0.9764}
10k iters
model performance {'train loss': 0.009609874519143176, 'train acc': 0.9967818181818182, 'val loss': 0.17284782644826918, 'val acc': 0.9752, 'test acc': 0.98}
early stop model performance {'iteration': 8253, 'train_loss': 0.02199331924177029, 'train_acc': 0.9924909090909091, 'val_loss': 0.10268165314644576, 'val_acc': 0.9778, 'test_acc': 0.9782}
10k iters
10k iters
model performance {'train loss': 0.0037540360054191127, 'train acc': 0.9989454545454546, 'val loss': 0.15398404206708655, 'val acc': 0.9818, 'test acc': 0.981}
early stop model performance {'iteration': 4585, 'train_loss': 0.05363681876849045, 'train_acc': 0.983, 'val_loss': 0.09660933268070221, 'val_acc': 0.9736, 'test_acc': 0.9732}
10k iters
10k iters
10k iters
10k iters
model performance {'train loss': 0.005627349892888505, 'train acc': 0.9986727272727273, 'val loss': 0.18260477584722976, 'val acc': 0.9802, 'test acc': 0.9814}
early stop model performance {'iteration': 6419, 'train_loss': 0.03880752929516814, 'train_acc': 0.9878545454545454, 'val_loss': 0.09826996345184744, 'val_acc': 0.974, 'test_acc': 0.9745}
10k iters
10k iters
10k iters
10k iters
model performance {'train loss': 0.00581843999704418, 'train acc': 0.9982, 'val loss': 0.21235751341746073, 'val acc': 0.9766, 'test acc': 0.9811}
early stop model performance {'iteration': 10087, 'train_loss': 0.026498114935850556, 'train_acc': 0.9914909090909091, 'val_loss': 0.10508311237171292, 'val_acc': 0.9754, 'test_acc': 0.9748}
10k iters
model performance {'train loss': 0.013511518352004615, 'train acc': 0.9951090909090909, 'val loss': 0.11854398698443547, 'val acc': 0.9766, 'test acc': 0.9779}
early stop model performance {'iteration': 4585, 'train_loss': 0.03873962915959683, 'train_acc': 0.9867818181818182, 'val_loss': 0.08538426354080439, 'val_acc': 0.9762, 'test_acc': 0.9798}
10k iters
model performance {'train loss': 0.01425641250413398, 'train acc': 0.9952, 'val loss': 0.1026565264172852, 'val acc': 0.9794, 'test acc': 0.9791}
early stop model performance {'iteration': 2751, 'train_loss': 0.07296662614128806, 'train_acc': 0.9769272727272728, 'val_loss': 0.09289917719960213, 'val_acc': 0.9736, 'test_acc': 0.9752}
10k iters
model performance {'train loss': 0.0166407537069849, 'train acc': 0.9943454545454545, 'val loss': 0.09947703635729849, 'val acc': 0.9756, 'test acc': 0.9795}
early stop model performance {'iteration': 4585, 'train_loss': 0.04051178561625156, 'train_acc': 0.9868545454545454, 'val_loss': 0.08973775628246367, 'val_acc': 0.975, 'test_acc': 0.9787}
10k iters
model performance {'train loss': 0.015755276937461034, 'train acc': 0.9945454545454545, 'val loss': 0.12393072195500135, 'val acc': 0.9752, 'test acc': 0.9768}
early stop model performance {'iteration': 4585, 'train_loss': 0.048694590547409926, 'train_acc': 0.9851636363636364, 'val_loss': 0.0978138130709529, 'val_acc': 0.9732, 'test_acc': 0.9753}
10k iters
model performance {'train loss': 0.008513933365864134, 'train acc': 0.9973818181818181, 'val loss': 0.16490581963146106, 'val acc': 0.9768, 'test acc': 0.9772}
early stop model performance {'iteration': 2751, 'train_loss': 0.0885403000777418, 'train_acc': 0.9732545454545455, 'val_loss': 0.1039298442363739, 'val_acc': 0.9694, 'test_acc': 0.9746}
10k iters
model performance {'train loss': 0.0058081408098357564, 'train acc': 0.9983636363636363, 'val loss': 0.14666745325378142, 'val acc': 0.9778, 'test acc': 0.976}
early stop model performance {'iteration': 8253, 'train_loss': 0.024886543903296643, 'train_acc': 0.9913818181818181, 'val_loss': 0.09881833063140512, 'val_acc': 0.9774, 'test_acc': 0.9765}
10k iters
10k iters
model performance {'train loss': 0.005554685841905501, 'train acc': 0.9983272727272727, 'val loss': 0.19225086802192964, 'val acc': 0.9768, 'test acc': 0.9803}
early stop model performance {'iteration': 6419, 'train_loss': 0.036540873112597246, 'train_acc': 0.9882363636363637, 'val_loss': 0.10454360784292221, 'val_acc': 0.9754, 'test_acc': 0.9777}
10k iters
10k iters
10k iters
10k iters
model performance {'train loss': 0.005399978767885101, 'train acc': 0.9984181818181819, 'val loss': 0.2160939452974242, 'val acc': 0.9802, 'test acc': 0.9818}
early stop model performance {'iteration': 4585, 'train_loss': 0.06689395234666087, 'train_acc': 0.9794, 'val_loss': 0.09828935584425927, 'val_acc': 0.9748, 'test_acc': 0.9725}
10k iters
10k iters
10k iters
10k iters
model performance {'train loss': 0.007385680428679164, 'train acc': 0.9980909090909091, 'val loss': 0.22350960823972274, 'val acc': 0.975, 'test acc': 0.9763}
early stop model performance {'iteration': 10087, 'train_loss': 0.024063176819072527, 'train_acc': 0.9920909090909091, 'val_loss': 0.113881617506966, 'val_acc': 0.9736, 'test_acc': 0.9756}
10k iters
model performance {'train loss': 0.014815538443357219, 'train acc': 0.9952363636363636, 'val loss': 0.11451788362748921, 'val acc': 0.9746, 'test acc': 0.9766}
early stop model performance {'iteration': 4585, 'train_loss': 0.03925190982899882, 'train_acc': 0.9872909090909091, 'val_loss': 0.0855652472615242, 'val_acc': 0.9768, 'test_acc': 0.9793}
10k iters
model performance {'train loss': 0.013833272312869403, 'train acc': 0.9953090909090909, 'val loss': 0.11443085620589555, 'val acc': 0.9758, 'test acc': 0.9779}
early stop model performance {'iteration': 4585, 'train_loss': 0.038313620546460155, 'train_acc': 0.9880363636363636, 'val_loss': 0.0891481955692172, 'val_acc': 0.9768, 'test_acc': 0.9792}
10k iters
model performance {'train loss': 0.016294463291376914, 'train acc': 0.9944909090909091, 'val loss': 0.10989103568578139, 'val acc': 0.9784, 'test acc': 0.9782}
early stop model performance {'iteration': 4585, 'train_loss': 0.04096280779201876, 'train_acc': 0.9863454545454545, 'val_loss': 0.09108542921245098, 'val_acc': 0.975, 'test_acc': 0.9795}
10k iters
model performance {'train loss': 0.017190569924444638, 'train acc': 0.9944909090909091, 'val loss': 0.11645545180514455, 'val acc': 0.978, 'test acc': 0.9788}
early stop model performance {'iteration': 6419, 'train_loss': 0.02900243991660801, 'train_acc': 0.9904727272727273, 'val_loss': 0.09248565253950655, 'val_acc': 0.9746, 'test_acc': 0.9787}
10k iters
model performance {'train loss': 0.00800245323762197, 'train acc': 0.9974181818181819, 'val loss': 0.1375514270171523, 'val acc': 0.9772, 'test acc': 0.9805}
early stop model performance {'iteration': 4585, 'train_loss': 0.051550047975914046, 'train_acc': 0.9836545454545454, 'val_loss': 0.10363019781410694, 'val_acc': 0.9714, 'test_acc': 0.9766}
10k iters
model performance {'train loss': 0.010823663412724404, 'train acc': 0.9964181818181819, 'val loss': 0.14002953960306472, 'val acc': 0.981, 'test acc': 0.9787}
early stop model performance {'iteration': 8253, 'train_loss': 0.024607961861619895, 'train_acc': 0.9916727272727273, 'val_loss': 0.1024133639127016, 'val_acc': 0.9764, 'test_acc': 0.9766}
10k iters
10k iters
model performance {'train loss': 0.008682788837555728, 'train acc': 0.9974545454545455, 'val loss': 0.19498667641170322, 'val acc': 0.9774, 'test acc': 0.9746}
early stop model performance {'iteration': 4585, 'train_loss': 0.05638876751905138, 'train_acc': 0.9818363636363636, 'val_loss': 0.09918403810858727, 'val_acc': 0.9754, 'test_acc': 0.9741}
10k iters
10k iters
10k iters
10k iters
model performance {'train loss': 0.004413658462857978, 'train acc': 0.9987636363636364, 'val loss': 0.20058164540574072, 'val acc': 0.9774, 'test acc': 0.9799}
early stop model performance {'iteration': 8253, 'train_loss': 0.02533411973896013, 'train_acc': 0.9916545454545455, 'val_loss': 0.09765674552321434, 'val_acc': 0.9766, 'test_acc': 0.9802}
10k iters
10k iters
10k iters
10k iters
model performance {'train loss': 0.006895784253111368, 'train acc': 0.9978727272727272, 'val loss': 0.21289216375021933, 'val acc': 0.9794, 'test acc': 0.9807}
early stop model performance {'iteration': 6419, 'train_loss': 0.046252171649783846, 'train_acc': 0.9847636363636364, 'val_loss': 0.1105587802529335, 'val_acc': 0.9702, 'test_acc': 0.9744}
10k iters
model performance {'train loss': 0.01446093597742729, 'train acc': 0.9950363636363636, 'val loss': 0.10696428655725904, 'val acc': 0.9778, 'test acc': 0.9781}
early stop model performance {'iteration': 6419, 'train_loss': 0.024360072133453054, 'train_acc': 0.9918, 'val_loss': 0.0856704519867897, 'val_acc': 0.9786, 'test_acc': 0.9789}
10k iters
model performance {'train loss': 0.014675576591728762, 'train acc': 0.9951636363636364, 'val loss': 0.10389965204936452, 'val acc': 0.9798, 'test acc': 0.9812}
early stop model performance {'iteration': 2751, 'train_loss': 0.07352262308353727, 'train_acc': 0.9774181818181819, 'val_loss': 0.08806723016500473, 'val_acc': 0.9746, 'test_acc': 0.9766}
10k iters
model performance {'train loss': 0.013864039491000586, 'train acc': 0.9952727272727273, 'val loss': 0.11247288065729663, 'val acc': 0.9764, 'test acc': 0.9809}
early stop model performance {'iteration': 4585, 'train_loss': 0.041081232179024006, 'train_acc': 0.9866909090909091, 'val_loss': 0.09877427281588316, 'val_acc': 0.9744, 'test_acc': 0.9775}
10k iters
model performance {'train loss': 0.01659472568490204, 'train acc': 0.9946, 'val loss': 0.13920723270615562, 'val acc': 0.9698, 'test acc': 0.9745}
early stop model performance {'iteration': 4585, 'train_loss': 0.04795636965835636, 'train_acc': 0.9843636363636363, 'val_loss': 0.09721141124367715, 'val_acc': 0.9712, 'test_acc': 0.9764}
10k iters
model performance {'train loss': 0.006990243055150627, 'train acc': 0.9974181818181819, 'val loss': 0.1447091572280595, 'val acc': 0.9784, 'test acc': 0.9794}
early stop model performance {'iteration': 4585, 'train_loss': 0.05246184739158912, 'train_acc': 0.9834181818181819, 'val_loss': 0.09701013464480639, 'val_acc': 0.9734, 'test_acc': 0.9761}
10k iters
model performance {'train loss': 0.009625264456067288, 'train acc': 0.9966545454545455, 'val loss': 0.15644463811543538, 'val acc': 0.9754, 'test acc': 0.9795}
early stop model performance {'iteration': 6419, 'train_loss': 0.033303373875333504, 'train_acc': 0.9890181818181818, 'val_loss': 0.10634245234802366, 'val_acc': 0.973, 'test_acc': 0.9755}
10k iters
10k iters
model performance {'train loss': 0.0089806644192066, 'train acc': 0.9975454545454545, 'val loss': 0.1898380811178009, 'val acc': 0.9756, 'test acc': 0.9779}
early stop model performance {'iteration': 6419, 'train_loss': 0.038139725499735634, 'train_acc': 0.9875272727272727, 'val_loss': 0.09744158961176873, 'val_acc': 0.975, 'test_acc': 0.9791}
10k iters
10k iters
10k iters
10k iters
model performance {'train loss': 0.007897513430373386, 'train acc': 0.9979090909090909, 'val loss': 0.22423591654287703, 'val acc': 0.9786, 'test acc': 0.981}
early stop model performance {'iteration': 8253, 'train_loss': 0.03177515586479144, 'train_acc': 0.9896545454545455, 'val_loss': 0.10219567414522171, 'val_acc': 0.9762, 'test_acc': 0.979}
10k iters
10k iters
10k iters
10k iters
model performance {'train loss': 0.008042370808090723, 'train acc': 0.9980181818181818, 'val loss': 0.2524261078321826, 'val acc': 0.977, 'test acc': 0.9774}
early stop model performance {'iteration': 6419, 'train_loss': 0.041654437747055836, 'train_acc': 0.9870545454545454, 'val_loss': 0.10176418650001287, 'val_acc': 0.9724, 'test_acc': 0.9728}
10k iters
model performance {'train loss': 0.012968775959522463, 'train acc': 0.9955090909090909, 'val loss': 0.11363828630074858, 'val acc': 0.976, 'test acc': 0.9798}
early stop model performance {'iteration': 6419, 'train_loss': 0.024189047424427488, 'train_acc': 0.9917818181818182, 'val_loss': 0.09110895342081785, 'val_acc': 0.9784, 'test_acc': 0.9798}
10k iters
model performance {'train loss': 0.01419857332508122, 'train acc': 0.9949818181818182, 'val loss': 0.10764266972839832, 'val acc': 0.9756, 'test acc': 0.9786}
early stop model performance {'iteration': 2751, 'train_loss': 0.072221304903789, 'train_acc': 0.9771272727272727, 'val_loss': 0.08592397788763047, 'val_acc': 0.9758, 'test_acc': 0.9769}
10k iters
model performance {'train loss': 0.01173826552016068, 'train acc': 0.9961818181818182, 'val loss': 0.1256772954661399, 'val acc': 0.9742, 'test acc': 0.9762}
early stop model performance {'iteration': 4585, 'train_loss': 0.041263148247789254, 'train_acc': 0.9868, 'val_loss': 0.09370068381130696, 'val_acc': 0.9738, 'test_acc': 0.9786}
10k iters
model performance {'train loss': 0.015186734199820256, 'train acc': 0.9954909090909091, 'val loss': 0.1338905983604491, 'val acc': 0.9718, 'test acc': 0.9767}
early stop model performance {'iteration': 6419, 'train_loss': 0.028478495304100217, 'train_acc': 0.9906, 'val_loss': 0.09115718046575785, 'val_acc': 0.978, 'test_acc': 0.9781}
10k iters
model performance {'train loss': 0.008818992299550155, 'train acc': 0.9970181818181818, 'val loss': 0.139614453691979, 'val acc': 0.9766, 'test acc': 0.9802}
early stop model performance {'iteration': 8253, 'train_loss': 0.02247059772542932, 'train_acc': 0.9928545454545454, 'val_loss': 0.09469415002986789, 'val_acc': 0.9762, 'test_acc': 0.9793}
10k iters
model performance {'train loss': 0.011315197255998713, 'train acc': 0.9967272727272727, 'val loss': 0.15989690508309432, 'val acc': 0.9736, 'test acc': 0.9789}
early stop model performance {'iteration': 10087, 'train_loss': 0.015023897261934524, 'train_acc': 0.9950545454545454, 'val_loss': 0.1095437746822834, 'val_acc': 0.9768, 'test_acc': 0.9789}
10k iters
10k iters
model performance {'train loss': 0.009562546477341907, 'train acc': 0.9971636363636364, 'val loss': 0.19184450180804125, 'val acc': 0.979, 'test acc': 0.9763}
early stop model performance {'iteration': 6419, 'train_loss': 0.0334206911962818, 'train_acc': 0.9896, 'val_loss': 0.09756439421400427, 'val_acc': 0.977, 'test_acc': 0.978}
10k iters
10k iters
10k iters
10k iters
model performance {'train loss': 0.004423960387022201, 'train acc': 0.9987090909090909, 'val loss': 0.218121340097161, 'val acc': 0.9772, 'test acc': 0.9812}
early stop model performance {'iteration': 8253, 'train_loss': 0.028758653480491853, 'train_acc': 0.9906727272727273, 'val_loss': 0.09970519464351237, 'val_acc': 0.9738, 'test_acc': 0.9791}
10k iters
10k iters
10k iters
10k iters
model performance {'train loss': 0.008201067769616566, 'train acc': 0.9973818181818181, 'val loss': 0.22915895202236716, 'val acc': 0.9728, 'test acc': 0.9726}
early stop model performance {'iteration': 10087, 'train_loss': 0.05466224696026607, 'train_acc': 0.9821636363636363, 'val_loss': 0.12333028266131878, 'val_acc': 0.9664, 'test_acc': 0.9693}
10k iters
model performance {'train loss': 0.012654108500792856, 'train acc': 0.9954909090909091, 'val loss': 0.11674118961021304, 'val acc': 0.9758, 'test acc': 0.9782}
early stop model performance {'iteration': 4585, 'train_loss': 0.03872619711099701, 'train_acc': 0.9872727272727273, 'val_loss': 0.093687844376266, 'val_acc': 0.9754, 'test_acc': 0.9747}
10k iters
model performance {'train loss': 0.013433195097026923, 'train acc': 0.9955454545454545, 'val loss': 0.0992634926614468, 'val acc': 0.9782, 'test acc': 0.9807}
early stop model performance {'iteration': 4585, 'train_loss': 0.03842726684155112, 'train_acc': 0.987909090909091, 'val_loss': 0.08601387679502367, 'val_acc': 0.9778, 'test_acc': 0.9792}
10k iters
model performance {'train loss': 0.01398154661579862, 'train acc': 0.9950545454545454, 'val loss': 0.11634026648141443, 'val acc': 0.9778, 'test acc': 0.9792}
early stop model performance {'iteration': 2751, 'train_loss': 0.07604375633976676, 'train_acc': 0.9766363636363636, 'val_loss': 0.09533515662550926, 'val_acc': 0.9718, 'test_acc': 0.9755}
10k iters
model performance {'train loss': 0.015213186293620277, 'train acc': 0.9948727272727272, 'val loss': 0.10085405556159094, 'val acc': 0.9784, 'test acc': 0.9811}
early stop model performance {'iteration': 10087, 'train_loss': 0.015213186293620277, 'train_acc': 0.9948727272727272, 'val_loss': 0.10085405556159094, 'val_acc': 0.9784, 'test_acc': 0.9811}
10k iters
model performance {'train loss': 0.00976237610531554, 'train acc': 0.9969272727272728, 'val loss': 0.16672083567490337, 'val acc': 0.976, 'test acc': 0.9763}
early stop model performance {'iteration': 6419, 'train_loss': 0.03266686409644105, 'train_acc': 0.9890181818181818, 'val_loss': 0.0934425336483866, 'val_acc': 0.9764, 'test_acc': 0.98}
10k iters
model performance {'train loss': 0.00798745037809124, 'train acc': 0.9971272727272728, 'val loss': 0.15020259077064693, 'val acc': 0.9752, 'test acc': 0.978}
early stop model performance {'iteration': 4585, 'train_loss': 0.05223889546651732, 'train_acc': 0.9836363636363636, 'val_loss': 0.09234684848189353, 'val_acc': 0.9768, 'test_acc': 0.9776}
10k iters
10k iters
model performance {'train loss': 0.00838380593911387, 'train acc': 0.9973454545454545, 'val loss': 0.1616857799567515, 'val acc': 0.9778, 'test acc': 0.981}
early stop model performance {'iteration': 10087, 'train_loss': 0.020166701775137335, 'train_acc': 0.9931636363636364, 'val_loss': 0.10234956661462784, 'val_acc': 0.9758, 'test_acc': 0.9804}
10k iters
10k iters
10k iters
10k iters
model performance {'train loss': 0.00875093875093281, 'train acc': 0.9976181818181818, 'val loss': 0.2238649171640614, 'val acc': 0.9742, 'test acc': 0.9784}
early stop model performance {'iteration': 6419, 'train_loss': 0.038467971523309295, 'train_acc': 0.9879818181818182, 'val_loss': 0.10332714913189411, 'val_acc': 0.975, 'test_acc': 0.9761}
10k iters
10k iters
10k iters
10k iters
model performance {'train loss': 0.003938957281652653, 'train acc': 0.9986727272727273, 'val loss': 0.2501732899166171, 'val acc': 0.9768, 'test acc': 0.9783}
early stop model performance {'iteration': 8253, 'train_loss': 0.029201057877323845, 'train_acc': 0.9910363636363636, 'val_loss': 0.10228715861886739, 'val_acc': 0.9746, 'test_acc': 0.9779}
done running
